<?xml version="1.0" encoding="UTF-8"?>
<!-- Generated by org.testng.reporters.JUnitReportReporter -->
<testsuite hostname="DESKTOP-QEQU177" failures="0" tests="1" name="com.actitime.testscript.demotestng" time="0.035" errors="0" timestamp="2023-05-03T18:07:08 IST" skipped="0">
  <testcase classname="com.actitime.testscript.demotestng" name="demotest" time="0.035"/>
  <system-out>
    <![CDATA[hi]]>
  </system-out>
</testsuite> <!-- com.actitime.testscript.demotestng -->
