<?xml version="1.0" encoding="UTF-8"?>
<!-- Generated by org.testng.reporters.JUnitReportReporter -->
<testsuite hostname="DESKTOP-QEQU177" failures="0" tests="2" name="Testng.customermodel" time="0.027" errors="0" timestamp="2023-05-08T15:59:32 IST" skipped="0">
  <testcase classname="Testng.customermodel" name="deletecustomer" time="0.007"/>
  <system-out>
    <![CDATA[deletecustomer]]>
  </system-out>
  <testcase classname="Testng.customermodel" name="createcustomer" time="0.020"/>
  <system-out>
    <![CDATA[createcustomer]]>
  </system-out>
</testsuite> <!-- Testng.customermodel -->
