<?xml version="1.0" encoding="UTF-8"?>
<!-- Generated by org.testng.reporters.JUnitReportReporter -->
<testsuite hostname="DESKTOP-QEQU177" failures="0" tests="1" name="com.actitime.generic.CustomerModule" time="31.698" errors="0" timestamp="2023-05-08T17:38:15 IST" skipped="0">
  <testcase classname="com.actitime.generic.CustomerModule" name="createcustomer" time="31.698"/>
  <system-out>
    <![CDATA[create customer]]>
  </system-out>
</testsuite> <!-- com.actitime.generic.CustomerModule -->
