<?xml version="1.0" encoding="UTF-8"?>
<!-- Generated by org.testng.reporters.JUnitReportReporter -->
<testsuite hostname="DESKTOP-QEQU177" failures="0" tests="4" name="Testng.customermodule2" time="0.076" errors="0" timestamp="2023-05-08T16:15:47 IST" skipped="0">
  <testcase classname="Testng.customermodule2" name="deleteCustomer" time="0.023"/>
  <system-out>
    <![CDATA[deleteCustomer]]>
  </system-out>
  <testcase classname="Testng.customermodule2" name="registercustomer" time="0.013"/>
  <system-out>
    <![CDATA[registercustomer]]>
  </system-out>
  <testcase classname="Testng.customermodule2" name="editcustomer" time="0.019"/>
  <system-out>
    <![CDATA[editcustomer]]>
  </system-out>
  <testcase classname="Testng.customermodule2" name="editcustomer" time="0.021"/>
  <system-out>
    <![CDATA[editcustomer]]>
  </system-out>
</testsuite> <!-- Testng.customermodule2 -->
