<?xml version="1.0" encoding="UTF-8"?>
<!-- Generated by org.testng.reporters.JUnitReportReporter -->
<testsuite hostname="DESKTOP-QEQU177" failures="0" tests="1" name="com.actitime.testscript.deletemodule" time="0.032" errors="0" timestamp="2023-06-02T17:24:13 IST" skipped="0">
  <testcase classname="com.actitime.testscript.deletemodule" name="deletemodule" time="0.032"/>
  <system-out>
    <![CDATA[bye]]>
  </system-out>
</testsuite> <!-- com.actitime.testscript.deletemodule -->
