<?xml version="1.0" encoding="UTF-8"?>
<!-- Generated by org.testng.reporters.JUnitReportReporter -->
<testsuite hostname="DESKTOP-QEQU177" failures="0" tests="1" name="com.actitime.testscript.p" time="0.020" errors="0" timestamp="2023-05-08T16:42:36 IST" skipped="0">
  <testcase classname="com.actitime.testscript.p" name="shryas" time="0.020"/>
  <system-out>
    <![CDATA[hi]]>
  </system-out>
</testsuite> <!-- com.actitime.testscript.p -->
