<?xml version="1.0" encoding="UTF-8"?>
<!-- Generated by org.testng.reporters.JUnitReportReporter -->
<testsuite hostname="DESKTOP-QEQU177" failures="0" tests="4" name="com.actitime.testscript.customermodule2" time="0.079" errors="0" timestamp="2023-05-08T16:40:30 IST" skipped="0">
  <testcase classname="com.actitime.testscript.customermodule2" name="registercustomer" time="0.020"/>
  <system-out>
    <![CDATA[registercustomer]]>
  </system-out>
  <testcase classname="com.actitime.testscript.customermodule2" name="deleteCustomer" time="0.023"/>
  <system-out>
    <![CDATA[deleteCustomer]]>
  </system-out>
  <testcase classname="com.actitime.testscript.customermodule2" name="editcustomer" time="0.012"/>
  <system-out>
    <![CDATA[editcustomer]]>
  </system-out>
  <testcase classname="com.actitime.testscript.customermodule2" name="editcustomer" time="0.024"/>
  <system-out>
    <![CDATA[editcustomer]]>
  </system-out>
</testsuite> <!-- com.actitime.testscript.customermodule2 -->
