<?xml version="1.0" encoding="UTF-8"?>
<!-- Generated by org.testng.reporters.JUnitReportReporter -->
<testsuite hostname="DESKTOP-QEQU177" failures="0" tests="1" name="com.actitime.demoscreenshot" time="16.330" errors="0" timestamp="2023-05-12T16:55:52 IST" skipped="0">
  <testcase classname="com.actitime.demoscreenshot" name="screenShot" time="16.330"/>
  <system-out/>
</testsuite> <!-- com.actitime.demoscreenshot -->
